<?xml version="1.0" encoding="UTF-8"?>
<coverage generated="1440407100">
  <project timestamp="1440407100">
    <package name="mySpace">
      <file name="C:\xampp\htdocs\phpTest\build\src\JoomlaTest\Classes/MyClass.php">
        <class name="MyClass" namespace="mySpace">
          <metrics methods="5" coveredmethods="4" conditionals="0" coveredconditionals="0" statements="9" coveredstatements="8" elements="14" coveredelements="12"/>
        </class>
        <line num="14" type="method" name="sum" crap="1" count="5"/>
        <line num="15" type="stmt" count="5"/>
        <line num="18" type="method" name="multiply" crap="1" count="4"/>
        <line num="19" type="stmt" count="4"/>
        <line num="22" type="method" name="half" crap="1" count="5"/>
        <line num="23" type="stmt" count="5"/>
        <line num="26" type="method" name="double" crap="1" count="3"/>
        <line num="27" type="stmt" count="3"/>
        <line num="30" type="method" name="dummy" crap="3.07" count="2"/>
        <line num="31" type="stmt" count="2"/>
        <line num="32" type="stmt" count="1"/>
        <line num="33" type="stmt" count="1"/>
        <line num="34" type="stmt" count="1"/>
        <line num="36" type="stmt" count="0"/>
        <metrics loc="38" ncloc="32" classes="1" methods="5" coveredmethods="4" conditionals="0" coveredconditionals="0" statements="9" coveredstatements="8" elements="14" coveredelements="12"/>
      </file>
      <file name="C:\xampp\htdocs\phpTest\build\src\JoomlaTest\Classes/MyClass2.php">
        <class name="MyClass2" namespace="mySpace">
          <metrics methods="3" coveredmethods="2" conditionals="0" coveredconditionals="0" statements="11" coveredstatements="6" elements="14" coveredelements="8"/>
        </class>
        <line num="13" type="method" name="dimSum" crap="1" count="1"/>
        <line num="14" type="stmt" count="1"/>
        <line num="17" type="method" name="sumOfOrders" crap="2" count="2"/>
        <line num="18" type="stmt" count="2"/>
        <line num="19" type="stmt" count="2"/>
        <line num="20" type="stmt" count="2"/>
        <line num="21" type="stmt" count="2"/>
        <line num="23" type="stmt" count="2"/>
        <line num="26" type="method" name="avgPriceOfProdInOrders" crap="6" count="0"/>
        <line num="27" type="stmt" count="0"/>
        <line num="28" type="stmt" count="0"/>
        <line num="29" type="stmt" count="0"/>
        <line num="30" type="stmt" count="0"/>
        <line num="32" type="stmt" count="0"/>
        <metrics loc="34" ncloc="28" classes="1" methods="3" coveredmethods="2" conditionals="0" coveredconditionals="0" statements="11" coveredstatements="6" elements="14" coveredelements="8"/>
      </file>
    </package>
    <metrics files="2" loc="72" ncloc="60" classes="2" methods="8" coveredmethods="6" conditionals="0" coveredconditionals="0" statements="20" coveredstatements="14" elements="28" coveredelements="20"/>
  </project>
</coverage>
